hse-main-phone-app/build/outputs/logs/manifest-merger-debug-report.txt
-- Merging decision tree log ---
manifest
ADDED from src\main\AndroidManifest.xml:2:1-115:12
INJECTED from src\main\AndroidManifest.xml:2:1-115:12
INJECTED from src\main\AndroidManifest.xml:2:1-115:12
INJECTED from src\main\AndroidManifest.xml:2:1-115:12
INJECTED from src\main\AndroidManifest.xml:2:1-115:12
INJECTED from src\main\AndroidManifest.xml:2:1-115:12
INJECTED from src\main\AndroidManifest.xml:2:1-115:12
	package
		ADDED from src\main\AndroidManifest.xml:4:5-36
		INJECTED from src\main\AndroidManifest.xml
		INJECTED from src\main\AndroidManifest.xml
	android:versionName
		ADDED from src\main\AndroidManifest.xml:6:5-32
		INJECTED from src\main\AndroidManifest.xml
		INJECTED from src\main\AndroidManifest.xml
	xmlns:tools
		ADDED from src\main\AndroidManifest.xml:3:5-51
	xmlns:android
		ADDED from src\main\AndroidManifest.xml:2:11-69
	android:versionCode
		ADDED from src\main\AndroidManifest.xml:5:5-28
		INJECTED from src\main\AndroidManifest.xml
		INJECTED from src\main\AndroidManifest.xml
uses-sdk
ADDED from src\main\AndroidManifest.xml:8:5-47
INJECTED from src\main\AndroidManifest.xml:8:5-47
INJECTED from src\main\AndroidManifest.xml:8:5-47
INJECTED from src\main\AndroidManifest.xml:8:5-47
INJECTED from src\main\AndroidManifest.xml:8:5-47
	android:targetSdkVersion
		ADDED from src\main\AndroidManifest.xml:8:15-44
		INJECTED from src\main\AndroidManifest.xml
		INJECTED from src\main\AndroidManifest.xml
	android:minSdkVersion
		INJECTED from src\main\AndroidManifest.xml
		ADDED from src\main\AndroidManifest.xml:8:5-47
		INJECTED from src\main\AndroidManifest.xml
uses-permission#android.permission.WRITE_EXTERNAL_STORAGE
ADDED from src\main\AndroidManifest.xml:10:5-81
	android:name
		ADDED from src\main\AndroidManifest.xml:10:22-78
uses-permission#android.permission.MOUNT_UNMOUNT_FILESYSTEMS
ADDED from src\main\AndroidManifest.xml:11:5-84
	android:name
		ADDED from src\main\AndroidManifest.xml:11:22-81
uses-permission#android.permission.INTERNET
ADDED from src\main\AndroidManifest.xml:12:5-67
	android:name
		ADDED from src\main\AndroidManifest.xml:12:22-64
uses-permission#android.permission.CAMERA
ADDED from src\main\AndroidManifest.xml:13:5-65
	android:name
		ADDED from src\main\AndroidManifest.xml:13:22-62
uses-permission#android.permission.NFC
ADDED from src\main\AndroidManifest.xml:15:5-62
	android:name
		ADDED from src\main\AndroidManifest.xml:15:22-59
uses-feature#android.hardware.nfc
ADDED from src\main\AndroidManifest.xml:16:5-81
	android:required
		ADDED from src\main\AndroidManifest.xml:16:55-78
	android:name
		ADDED from src\main\AndroidManifest.xml:16:19-54
uses-permission#android.permission.READ_PHONE_STATE
ADDED from src\main\AndroidManifest.xml:18:5-75
	android:name
		ADDED from src\main\AndroidManifest.xml:18:22-72
uses-permission#android.permission.ACCESS_NETWORK_STATE
ADDED from src\main\AndroidManifest.xml:20:5-79
	android:name
		ADDED from src\main\AndroidManifest.xml:20:22-76
uses-permission#android.permission.ACCESS_WIFI_STATE
ADDED from src\main\AndroidManifest.xml:21:5-76
	android:name
		ADDED from src\main\AndroidManifest.xml:21:22-73
uses-permission#android.permission.READ_LOGS
ADDED from src\main\AndroidManifest.xml:22:5-68
	android:name
		ADDED from src\main\AndroidManifest.xml:22:22-65
supports-screens
ADDED from src\main\AndroidManifest.xml:28:5-33:40
	android:largeScreens
		ADDED from src\main\AndroidManifest.xml:30:9-36
	android:smallScreens
		ADDED from src\main\AndroidManifest.xml:32:9-36
	android:normalScreens
		ADDED from src\main\AndroidManifest.xml:31:9-37
	android:xlargeScreens
		ADDED from src\main\AndroidManifest.xml:33:9-37
	android:anyDensity
		ADDED from src\main\AndroidManifest.xml:29:9-34
uses-permission#android.permission.READ_EXTERNAL_STORAGE
ADDED from src\main\AndroidManifest.xml:36:5-80
	android:name
		ADDED from src\main\AndroidManifest.xml:36:22-77
application
ADDED from src\main\AndroidManifest.xml:38:5-113:19
	android:label
		ADDED from src\main\AndroidManifest.xml:41:9-41
	android:hardwareAccelerated
		ADDED from src\main\AndroidManifest.xml:42:9-44
	android:largeHeap
		ADDED from src\main\AndroidManifest.xml:43:9-33
	android:icon
		ADDED from src\main\AndroidManifest.xml:40:9-51
	android:allowBackup
		ADDED from src\main\AndroidManifest.xml:39:9-35
	android:theme
		ADDED from src\main\AndroidManifest.xml:44:9-40
	tools:replace
		ADDED from src\main\AndroidManifest.xml:45:9-37
activity#com.hd.hse.main.phone.ui.activity.login.LoginActivity
ADDED from src\main\AndroidManifest.xml:46:9-50:63
	android:screenOrientation
		ADDED from src\main\AndroidManifest.xml:49:13-49
	android:windowSoftInputMode
		ADDED from src\main\AndroidManifest.xml:50:13-60
	android:configChanges
		ADDED from src\main\AndroidManifest.xml:48:13-74
	android:name
		ADDED from src\main\AndroidManifest.xml:47:13-60
activity#com.hd.hse.main.phone.ui.activity.login.LoginConfigActivity
ADDED from src\main\AndroidManifest.xml:51:9-56:76
	android:screenOrientation
		ADDED from src\main\AndroidManifest.xml:54:13-49
	android:windowSoftInputMode
		ADDED from src\main\AndroidManifest.xml:56:13-73
	android:configChanges
		ADDED from src\main\AndroidManifest.xml:53:13-74
	android:theme
		ADDED from src\main\AndroidManifest.xml:55:13-52
	android:name
		ADDED from src\main\AndroidManifest.xml:52:13-66
activity#com.hd.hse.main.phone.ui.activity.main.MainActivity
ADDED from src\main\AndroidManifest.xml:57:9-63:58
	android:screenOrientation
		ADDED from src\main\AndroidManifest.xml:61:13-49
	android:launchMode
		ADDED from src\main\AndroidManifest.xml:60:13-44
	android:windowSoftInputMode
		ADDED from src\main\AndroidManifest.xml:63:13-55
	android:configChanges
		ADDED from src\main\AndroidManifest.xml:59:13-74
	android:theme
		ADDED from src\main\AndroidManifest.xml:62:13-52
	android:name
		ADDED from src\main\AndroidManifest.xml:58:13-58
activity#com.hd.hse.main.phone.ui.activity.main.ManagerMainActivity
ADDED from src\main\AndroidManifest.xml:64:9-70:58
	android:screenOrientation
		ADDED from src\main\AndroidManifest.xml:68:13-49
	android:launchMode
		ADDED from src\main\AndroidManifest.xml:67:13-44
	android:windowSoftInputMode
		ADDED from src\main\AndroidManifest.xml:70:13-55
	android:configChanges
		ADDED from src\main\AndroidManifest.xml:66:13-74
	android:theme
		ADDED from src\main\AndroidManifest.xml:69:13-52
	android:name
		ADDED from src\main\AndroidManifest.xml:65:13-65
activity#com.hd.hse.main.phone.ui.activity.main.WorkerInitialPageActivity
ADDED from src\main\AndroidManifest.xml:71:9-76:67
	android:screenOrientation
		ADDED from src\main\AndroidManifest.xml:74:13-49
	android:windowSoftInputMode
		ADDED from src\main\AndroidManifest.xml:76:13-55
	android:configChanges
		ADDED from src\main\AndroidManifest.xml:73:13-74
	android:theme
		ADDED from src\main\AndroidManifest.xml:75:13-52
	android:name
		ADDED from src\main\AndroidManifest.xml:72:13-71
activity#com.hd.hse.main.phone.ui.activity.remoteappr.RemoteApprInfoBrowse
ADDED from src\main\AndroidManifest.xml:77:9-82:58
	android:screenOrientation
		ADDED from src\main\AndroidManifest.xml:80:13-49
	android:windowSoftInputMode
		ADDED from src\main\AndroidManifest.xml:82:13-55
	android:configChanges
		ADDED from src\main\AndroidManifest.xml:79:13-74
	android:theme
		ADDED from src\main\AndroidManifest.xml:81:13-52
	android:name
		ADDED from src\main\AndroidManifest.xml:78:13-72
activity#com.hd.hse.main.phone.ui.activity.remoteappr.RemoteApprWorkOrderDetailActivity
ADDED from src\main\AndroidManifest.xml:83:9-88:58
	android:screenOrientation
		ADDED from src\main\AndroidManifest.xml:86:13-49
	android:windowSoftInputMode
		ADDED from src\main\AndroidManifest.xml:88:13-55
	android:configChanges
		ADDED from src\main\AndroidManifest.xml:85:13-74
	android:theme
		ADDED from src\main\AndroidManifest.xml:87:13-52
	android:name
		ADDED from src\main\AndroidManifest.xml:84:13-85
activity#com.hd.hse.main.phone.ui.activity.main.ScheduleActivity
ADDED from src\main\AndroidManifest.xml:89:9-94:67
	android:screenOrientation
		ADDED from src\main\AndroidManifest.xml:92:13-49
	android:windowSoftInputMode
		ADDED from src\main\AndroidManifest.xml:94:13-55
	android:configChanges
		ADDED from src\main\AndroidManifest.xml:91:13-74
	android:theme
		ADDED from src\main\AndroidManifest.xml:93:13-52
	android:name
		ADDED from src\main\AndroidManifest.xml:90:13-62
service#com.hd.hse.main.phone.ui.service.WorkOrderCronSrv
ADDED from src\main\AndroidManifest.xml:108:9-64
	android:name
		ADDED from src\main\AndroidManifest.xml:108:18-61
service#com.hd.hse.main.phone.ui.service.LockService
ADDED from src\main\AndroidManifest.xml:110:9-59
	android:name
		ADDED from src\main\AndroidManifest.xml:110:18-56
service#com.hd.hse.main.phone.ui.service.NotificationService
ADDED from src\main\AndroidManifest.xml:111:9-67
	android:name
		ADDED from src\main\AndroidManifest.xml:111:18-64